<?xml version="1.0" encoding="UTF-8"?>
<!-- Generated by org.testng.reporters.JUnitXMLReporter -->
<testsuite ignored="2" hostname="TYP1517" failures="0" tests="2" name="Test2" time="112.138" errors="0" timestamp="2022-04-06T17:10:34 IST">
  <testcase classname="com.crm.contacts.CreateContactTest" name="createContactTest" time="33.962"/>
  <testcase classname="com.crm.organizations.CreateOrganizationWithIndustryAndType" name="createOrganizationWithIndustryAndType" time="32.5"/>
  <testcase classname="com.crm.genericUtility.BaseClass" name="@AfterSuite closeDBConnection" time="0.0">
    <ignored/>
  </testcase> <!-- @AfterSuite closeDBConnection -->
  <testcase classname="com.crm.genericUtility.BaseClass" name="@BeforeSuite openDatabase" time="0.0">
    <ignored/>
  </testcase> <!-- @BeforeSuite openDatabase -->
</testsuite> <!-- Test2 -->
