<?xml version="1.0" encoding="UTF-8"?>
<!-- Generated by org.testng.reporters.JUnitXMLReporter -->
<testsuite ignored="2" hostname="TYP1517" failures="0" tests="2" name="Test1" time="128.512" errors="0" timestamp="2022-04-06T17:10:50 IST">
  <testcase classname="com.crm.contacts.CreateContactWithOrganizationTest" name="createContactWithOrganizationTest" time="66.854"/>
  <testcase classname="com.crm.organizations.CreateOrganizationTest" name="createOrganizationTest" time="21.59"/>
  <testcase classname="com.crm.genericUtility.BaseClass" name="@AfterSuite closeDBConnection" time="0.0">
    <ignored/>
  </testcase> <!-- @AfterSuite closeDBConnection -->
  <testcase classname="com.crm.genericUtility.BaseClass" name="@BeforeSuite openDatabase" time="0.0">
    <ignored/>
  </testcase> <!-- @BeforeSuite openDatabase -->
</testsuite> <!-- Test1 -->
